<?xml version="1.0" encoding="UTF-8"?>
<!-- Generated by org.testng.reporters.JUnitReportReporter -->
<testsuite skipped="0" hostname="Viveks-MacBook-Pro.local" name="api.qa.tests.GetAPITest" tests="1" failures="0" timestamp="03 Jul 2019 16:01:26 GMT" time="1.348" errors="0">
  <testcase name="getAPITest" time="1.348" classname="api.qa.tests.GetAPITest"/>
</testsuite> <!-- api.qa.tests.GetAPITest -->
