<?xml version="1.0" encoding="UTF-8"?>
<!-- Generated by org.testng.reporters.JUnitReportReporter -->
<testsuite skipped="0" hostname="Viveks-MacBook-Pro.local" name="api.qa.tests.PostAPITest" tests="1" failures="0" timestamp="03 Jul 2019 16:08:07 GMT" time="2.075" errors="0">
  <testcase name="postAPITest" time="2.075" classname="api.qa.tests.PostAPITest"/>
</testsuite> <!-- api.qa.tests.PostAPITest -->
